{"message":["Server version v3.0.21"],"level":"info"}
{"message":["Listening on //0.0.0.0:7788/"],"level":"info"}
{"message":["Memory: ",{"rss":57589760,"heapTotal":12984320,"heapUsed":9908424,"external":941244,"arrayBuffers":93426}],"level":"verbose"}
{"message":["GC: ",{"name":"gc","entryType":"gc","startTime":8556.722445,"duration":0.7409339998848736,"detail":{"kind":8,"flags":0}}],"level":"verbose"}
{"message":["GC: ",{"name":"gc","entryType":"gc","startTime":8565.088038,"duration":0.00316500011831522,"detail":{"kind":8,"flags":0}}],"level":"verbose"}
{"message":["GC: ",{"name":"gc","entryType":"gc","startTime":8565.855194,"duration":3.915015000384301,"detail":{"kind":4,"flags":32}}],"level":"verbose"}
{"message":["GC: ",{"name":"gc","entryType":"gc","startTime":9171.882243,"duration":0.5376229998655617,"detail":{"kind":8,"flags":0}}],"level":"verbose"}
{"message":["GC: ",{"name":"gc","entryType":"gc","startTime":9176.419586,"duration":0.002705000340938568,"detail":{"kind":8,"flags":0}}],"level":"verbose"}
{"message":["GC: ",{"name":"gc","entryType":"gc","startTime":9177.377313,"duration":4.416561000049114,"detail":{"kind":4,"flags":32}}],"level":"verbose"}
{"message":["Memory: ",{"rss":54202368,"heapTotal":10362880,"heapUsed":8073296,"external":872078,"arrayBuffers":25328}],"level":"verbose"}
{"message":["Memory: ",{"rss":54202368,"heapTotal":10362880,"heapUsed":8158488,"external":872079,"arrayBuffers":25329}],"level":"verbose"}
{"message":["Memory: ",{"rss":54202368,"heapTotal":10362880,"heapUsed":8237392,"external":872080,"arrayBuffers":25330}],"level":"verbose"}
{"message":["Memory: ",{"rss":54333440,"heapTotal":10362880,"heapUsed":8252368,"external":872081,"arrayBuffers":25331}],"level":"verbose"}
{"message":["Memory: ",{"rss":54333440,"heapTotal":10362880,"heapUsed":8389280,"external":872082,"arrayBuffers":25332}],"level":"verbose"}
{"message":["Memory: ",{"rss":54333440,"heapTotal":10362880,"heapUsed":8403744,"external":872083,"arrayBuffers":25333}],"level":"verbose"}
{"message":["Memory: ",{"rss":54333440,"heapTotal":10362880,"heapUsed":8418144,"external":872084,"arrayBuffers":25334}],"level":"verbose"}
{"message":["Memory: ",{"rss":54333440,"heapTotal":10362880,"heapUsed":8432384,"external":872085,"arrayBuffers":25335}],"level":"verbose"}
{"message":["Memory: ",{"rss":54333440,"heapTotal":10362880,"heapUsed":8446928,"external":872086,"arrayBuffers":25336}],"level":"verbose"}
{"message":["Memory: ",{"rss":54333440,"heapTotal":10362880,"heapUsed":8461136,"external":872087,"arrayBuffers":25337}],"level":"verbose"}
{"message":["Memory: ",{"rss":54333440,"heapTotal":10362880,"heapUsed":8475968,"external":872088,"arrayBuffers":25338}],"level":"verbose"}
{"message":["Memory: ",{"rss":54333440,"heapTotal":10362880,"heapUsed":8490224,"external":872089,"arrayBuffers":25339}],"level":"verbose"}
{"message":["Memory: ",{"rss":54333440,"heapTotal":10362880,"heapUsed":8504656,"external":872090,"arrayBuffers":25340}],"level":"verbose"}
{"message":["Memory: ",{"rss":54333440,"heapTotal":10362880,"heapUsed":8519200,"external":872091,"arrayBuffers":25341}],"level":"verbose"}
{"message":["Memory: ",{"rss":54333440,"heapTotal":10362880,"heapUsed":8533648,"external":872092,"arrayBuffers":25342}],"level":"verbose"}
{"message":["Memory: ",{"rss":54333440,"heapTotal":10362880,"heapUsed":8547968,"external":872093,"arrayBuffers":25343}],"level":"verbose"}
{"message":["Memory: ",{"rss":54333440,"heapTotal":10362880,"heapUsed":8562736,"external":872094,"arrayBuffers":25344}],"level":"verbose"}
{"message":["Memory: ",{"rss":54333440,"heapTotal":10362880,"heapUsed":8577128,"external":872095,"arrayBuffers":25345}],"level":"verbose"}
{"message":["Memory: ",{"rss":54333440,"heapTotal":10362880,"heapUsed":8591512,"external":872096,"arrayBuffers":25346}],"level":"verbose"}
{"message":["Memory: ",{"rss":54333440,"heapTotal":10362880,"heapUsed":8605800,"external":872097,"arrayBuffers":25347}],"level":"verbose"}
{"message":["Memory: ",{"rss":54333440,"heapTotal":10362880,"heapUsed":8620184,"external":872098,"arrayBuffers":25348}],"level":"verbose"}
{"message":["Memory: ",{"rss":54333440,"heapTotal":10362880,"heapUsed":8634528,"external":872099,"arrayBuffers":25349}],"level":"verbose"}
{"message":["Memory: ",{"rss":54333440,"heapTotal":10362880,"heapUsed":8649296,"external":872100,"arrayBuffers":25350}],"level":"verbose"}
{"message":["Memory: ",{"rss":54333440,"heapTotal":10362880,"heapUsed":8663568,"external":872101,"arrayBuffers":25351}],"level":"verbose"}
{"message":["Memory: ",{"rss":54333440,"heapTotal":10362880,"heapUsed":8678008,"external":872102,"arrayBuffers":25352}],"level":"verbose"}
{"message":["Memory: ",{"rss":54464512,"heapTotal":10362880,"heapUsed":8692424,"external":872103,"arrayBuffers":25353}],"level":"verbose"}
{"message":["Memory: ",{"rss":54464512,"heapTotal":10362880,"heapUsed":8706808,"external":872104,"arrayBuffers":25354}],"level":"verbose"}
{"message":["Memory: ",{"rss":54464512,"heapTotal":10362880,"heapUsed":8721096,"external":872105,"arrayBuffers":25355}],"level":"verbose"}
{"message":["Memory: ",{"rss":54464512,"heapTotal":10362880,"heapUsed":8735864,"external":872106,"arrayBuffers":25356}],"level":"verbose"}
{"message":["Memory: ",{"rss":54464512,"heapTotal":10362880,"heapUsed":8750152,"external":872107,"arrayBuffers":25357}],"level":"verbose"}
{"message":["Memory: ",{"rss":54464512,"heapTotal":10362880,"heapUsed":8764768,"external":880300,"arrayBuffers":33550}],"level":"verbose"}
{"message":["Memory: ",{"rss":54464512,"heapTotal":10362880,"heapUsed":8779056,"external":880301,"arrayBuffers":33551}],"level":"verbose"}
{"message":["Memory: ",{"rss":54464512,"heapTotal":10362880,"heapUsed":8793456,"external":880302,"arrayBuffers":33552}],"level":"verbose"}
{"message":["Memory: ",{"rss":54464512,"heapTotal":10362880,"heapUsed":8807744,"external":880303,"arrayBuffers":33553}],"level":"verbose"}
{"message":["Memory: ",{"rss":54464512,"heapTotal":10362880,"heapUsed":8822528,"external":880304,"arrayBuffers":33554}],"level":"verbose"}
{"message":["Memory: ",{"rss":54464512,"heapTotal":10362880,"heapUsed":8836856,"external":880305,"arrayBuffers":33555}],"level":"verbose"}
{"message":["Memory: ",{"rss":54464512,"heapTotal":10362880,"heapUsed":8851256,"external":880306,"arrayBuffers":33556}],"level":"verbose"}
{"message":["Memory: ",{"rss":54464512,"heapTotal":10362880,"heapUsed":8865544,"external":880307,"arrayBuffers":33557}],"level":"verbose"}
{"message":["Memory: ",{"rss":54464512,"heapTotal":10362880,"heapUsed":8879944,"external":880308,"arrayBuffers":33558}],"level":"verbose"}
{"message":["Memory: ",{"rss":54464512,"heapTotal":10362880,"heapUsed":8894232,"external":880309,"arrayBuffers":33559}],"level":"verbose"}
{"message":["Memory: ",{"rss":54464512,"heapTotal":10362880,"heapUsed":8909016,"external":880310,"arrayBuffers":33560}],"level":"verbose"}
{"message":["Memory: ",{"rss":54464512,"heapTotal":10362880,"heapUsed":8923304,"external":880311,"arrayBuffers":33561}],"level":"verbose"}
{"message":["Memory: ",{"rss":54464512,"heapTotal":10362880,"heapUsed":8937704,"external":880312,"arrayBuffers":33562}],"level":"verbose"}
{"message":["Memory: ",{"rss":54464512,"heapTotal":10362880,"heapUsed":8951992,"external":880313,"arrayBuffers":33563}],"level":"verbose"}
{"message":["Memory: ",{"rss":54464512,"heapTotal":10362880,"heapUsed":8966392,"external":880314,"arrayBuffers":33564}],"level":"verbose"}
{"message":["Memory: ",{"rss":54464512,"heapTotal":10362880,"heapUsed":8980680,"external":880315,"arrayBuffers":33565}],"level":"verbose"}
{"message":["Memory: ",{"rss":54464512,"heapTotal":10362880,"heapUsed":8995464,"external":880316,"arrayBuffers":33566}],"level":"verbose"}
{"message":["Memory: ",{"rss":54464512,"heapTotal":10362880,"heapUsed":9009752,"external":880317,"arrayBuffers":33567}],"level":"verbose"}
{"message":["Memory: ",{"rss":54464512,"heapTotal":10362880,"heapUsed":9023856,"external":880318,"arrayBuffers":33568}],"level":"verbose"}
{"message":["Memory: ",{"rss":54726656,"heapTotal":10362880,"heapUsed":9038144,"external":880319,"arrayBuffers":33569}],"level":"verbose"}
{"message":["Memory: ",{"rss":54726656,"heapTotal":10362880,"heapUsed":9052544,"external":880320,"arrayBuffers":33570}],"level":"verbose"}
{"message":["Memory: ",{"rss":54726656,"heapTotal":10362880,"heapUsed":9066816,"external":880321,"arrayBuffers":33571}],"level":"verbose"}
{"message":["Memory: ",{"rss":54726656,"heapTotal":10362880,"heapUsed":9081632,"external":880322,"arrayBuffers":33572}],"level":"verbose"}
{"message":["Memory: ",{"rss":54726656,"heapTotal":10362880,"heapUsed":9095928,"external":880323,"arrayBuffers":33573}],"level":"verbose"}
{"message":["Memory: ",{"rss":54726656,"heapTotal":10362880,"heapUsed":9110328,"external":880324,"arrayBuffers":33574}],"level":"verbose"}
{"message":["Memory: ",{"rss":54726656,"heapTotal":10362880,"heapUsed":9124616,"external":880325,"arrayBuffers":33575}],"level":"verbose"}
{"message":["Memory: ",{"rss":54726656,"heapTotal":10362880,"heapUsed":9139016,"external":880326,"arrayBuffers":33576}],"level":"verbose"}
{"message":["Memory: ",{"rss":54726656,"heapTotal":10362880,"heapUsed":9153304,"external":880327,"arrayBuffers":33577}],"level":"verbose"}
{"message":["Memory: ",{"rss":54726656,"heapTotal":10362880,"heapUsed":9168144,"external":880328,"arrayBuffers":33578}],"level":"verbose"}
{"message":["Memory: ",{"rss":54726656,"heapTotal":10362880,"heapUsed":9182432,"external":880329,"arrayBuffers":33579}],"level":"verbose"}
{"message":["Memory: ",{"rss":54726656,"heapTotal":10362880,"heapUsed":9196888,"external":880330,"arrayBuffers":33580}],"level":"verbose"}
{"message":["Memory: ",{"rss":54726656,"heapTotal":10362880,"heapUsed":9211192,"external":880331,"arrayBuffers":33581}],"level":"verbose"}
{"message":["Memory: ",{"rss":54726656,"heapTotal":10362880,"heapUsed":9225592,"external":880332,"arrayBuffers":33582}],"level":"verbose"}
{"message":["Memory: ",{"rss":54726656,"heapTotal":10362880,"heapUsed":9239896,"external":880333,"arrayBuffers":33583}],"level":"verbose"}
{"message":["Memory: ",{"rss":54726656,"heapTotal":10362880,"heapUsed":9254680,"external":880334,"arrayBuffers":33584}],"level":"verbose"}
{"message":["Memory: ",{"rss":54726656,"heapTotal":10362880,"heapUsed":9268968,"external":880335,"arrayBuffers":33585}],"level":"verbose"}
{"message":["Memory: ",{"rss":54726656,"heapTotal":10362880,"heapUsed":9283368,"external":880336,"arrayBuffers":33586}],"level":"verbose"}
{"message":["Memory: ",{"rss":54726656,"heapTotal":10362880,"heapUsed":9297728,"external":880337,"arrayBuffers":33587}],"level":"verbose"}
{"message":["Memory: ",{"rss":54726656,"heapTotal":10362880,"heapUsed":9312184,"external":880338,"arrayBuffers":33588}],"level":"verbose"}
{"message":["Memory: ",{"rss":54726656,"heapTotal":10362880,"heapUsed":9326488,"external":880339,"arrayBuffers":33589}],"level":"verbose"}
{"message":["Memory: ",{"rss":54726656,"heapTotal":10362880,"heapUsed":9341272,"external":880340,"arrayBuffers":33590}],"level":"verbose"}
{"message":["GC: ",{"name":"gc","entryType":"gc","startTime":360462.686717,"duration":0.5638819998130202,"detail":{"kind":1,"flags":0}}],"level":"verbose"}
{"message":["Memory: ",{"rss":53862400,"heapTotal":10362880,"heapUsed":8371752,"external":880272,"arrayBuffers":33522}],"level":"verbose"}
{"message":["Memory: ",{"rss":53862400,"heapTotal":10362880,"heapUsed":8386152,"external":880273,"arrayBuffers":33523}],"level":"verbose"}
{"message":["Memory: ",{"rss":53862400,"heapTotal":10362880,"heapUsed":8400456,"external":880274,"arrayBuffers":33524}],"level":"verbose"}
{"message":["Memory: ",{"rss":53862400,"heapTotal":10362880,"heapUsed":8414856,"external":880275,"arrayBuffers":33525}],"level":"verbose"}
{"message":["Memory: ",{"rss":53862400,"heapTotal":10362880,"heapUsed":8429160,"external":880276,"arrayBuffers":33526}],"level":"verbose"}
{"message":["Memory: ",{"rss":53862400,"heapTotal":10362880,"heapUsed":8443944,"external":880277,"arrayBuffers":33527}],"level":"verbose"}
{"message":["Memory: ",{"rss":53862400,"heapTotal":10362880,"heapUsed":8458232,"external":880278,"arrayBuffers":33528}],"level":"verbose"}
{"message":["Memory: ",{"rss":53862400,"heapTotal":10362880,"heapUsed":8472632,"external":880279,"arrayBuffers":33529}],"level":"verbose"}
{"message":["Memory: ",{"rss":53862400,"heapTotal":10362880,"heapUsed":8486936,"external":880280,"arrayBuffers":33530}],"level":"verbose"}
{"message":["Memory: ",{"rss":53993472,"heapTotal":10362880,"heapUsed":8501352,"external":880281,"arrayBuffers":33531}],"level":"verbose"}
{"message":["Memory: ",{"rss":53993472,"heapTotal":10362880,"heapUsed":8515656,"external":880282,"arrayBuffers":33532}],"level":"verbose"}
{"message":["Memory: ",{"rss":53993472,"heapTotal":10362880,"heapUsed":8530456,"external":880283,"arrayBuffers":33533}],"level":"verbose"}
{"message":["Memory: ",{"rss":53993472,"heapTotal":10362880,"heapUsed":8544760,"external":880284,"arrayBuffers":33534}],"level":"verbose"}
{"message":["Memory: ",{"rss":53993472,"heapTotal":10362880,"heapUsed":8559232,"external":880285,"arrayBuffers":33535}],"level":"verbose"}
{"message":["Memory: ",{"rss":53993472,"heapTotal":10362880,"heapUsed":8573808,"external":888478,"arrayBuffers":41728}],"level":"verbose"}
{"message":["Memory: ",{"rss":53993472,"heapTotal":10362880,"heapUsed":8588224,"external":888479,"arrayBuffers":41729}],"level":"verbose"}
{"message":["Memory: ",{"rss":53993472,"heapTotal":10362880,"heapUsed":8602528,"external":888480,"arrayBuffers":41730}],"level":"verbose"}
{"message":["Memory: ",{"rss":53993472,"heapTotal":10362880,"heapUsed":8617328,"external":888481,"arrayBuffers":41731}],"level":"verbose"}
{"message":["Memory: ",{"rss":54124544,"heapTotal":10362880,"heapUsed":8631632,"external":888482,"arrayBuffers":41732}],"level":"verbose"}
{"message":["Memory: ",{"rss":54124544,"heapTotal":10362880,"heapUsed":8646104,"external":888483,"arrayBuffers":41733}],"level":"verbose"}
{"message":["Memory: ",{"rss":54124544,"heapTotal":10362880,"heapUsed":8660408,"external":888484,"arrayBuffers":41734}],"level":"verbose"}
{"message":["Memory: ",{"rss":54124544,"heapTotal":10362880,"heapUsed":8674824,"external":888485,"arrayBuffers":41735}],"level":"verbose"}
{"message":["Memory: ",{"rss":54124544,"heapTotal":10362880,"heapUsed":8689128,"external":888486,"arrayBuffers":41736}],"level":"verbose"}
{"message":["Memory: ",{"rss":54124544,"heapTotal":10362880,"heapUsed":8704184,"external":888487,"arrayBuffers":41737}],"level":"verbose"}
{"message":["Memory: ",{"rss":54124544,"heapTotal":10362880,"heapUsed":8718488,"external":888488,"arrayBuffers":41738}],"level":"verbose"}
{"message":["Memory: ",{"rss":54124544,"heapTotal":10362880,"heapUsed":8732904,"external":888489,"arrayBuffers":41739}],"level":"verbose"}
{"message":["Memory: ",{"rss":54124544,"heapTotal":10362880,"heapUsed":8747208,"external":888490,"arrayBuffers":41740}],"level":"verbose"}
{"message":["Memory: ",{"rss":54124544,"heapTotal":10362880,"heapUsed":8761272,"external":888491,"arrayBuffers":41741}],"level":"verbose"}
{"message":["Memory: ",{"rss":54124544,"heapTotal":10362880,"heapUsed":8775576,"external":888492,"arrayBuffers":41742}],"level":"verbose"}
{"message":["Memory: ",{"rss":54124544,"heapTotal":10362880,"heapUsed":8790376,"external":888493,"arrayBuffers":41743}],"level":"verbose"}
{"message":["Memory: ",{"rss":54255616,"heapTotal":10362880,"heapUsed":8804680,"external":888494,"arrayBuffers":41744}],"level":"verbose"}
{"message":["Memory: ",{"rss":54255616,"heapTotal":10362880,"heapUsed":8819080,"external":888495,"arrayBuffers":41745}],"level":"verbose"}
{"message":["Memory: ",{"rss":54255616,"heapTotal":10362880,"heapUsed":8833528,"external":888496,"arrayBuffers":41746}],"level":"verbose"}
{"message":["Memory: ",{"rss":54386688,"heapTotal":10362880,"heapUsed":8848040,"external":888497,"arrayBuffers":41747}],"level":"verbose"}
{"message":["Memory: ",{"rss":54386688,"heapTotal":10362880,"heapUsed":8862344,"external":888498,"arrayBuffers":41748}],"level":"verbose"}
{"message":["Memory: ",{"rss":54386688,"heapTotal":10362880,"heapUsed":8877128,"external":888499,"arrayBuffers":41749}],"level":"verbose"}
{"message":["Memory: ",{"rss":54386688,"heapTotal":10362880,"heapUsed":8891416,"external":888500,"arrayBuffers":41750}],"level":"verbose"}
{"message":["Memory: ",{"rss":54386688,"heapTotal":10362880,"heapUsed":8905816,"external":888501,"arrayBuffers":41751}],"level":"verbose"}
{"message":["Memory: ",{"rss":54386688,"heapTotal":10362880,"heapUsed":8920120,"external":888502,"arrayBuffers":41752}],"level":"verbose"}
{"message":["Memory: ",{"rss":54386688,"heapTotal":10362880,"heapUsed":8934520,"external":888503,"arrayBuffers":41753}],"level":"verbose"}
{"message":["Memory: ",{"rss":54386688,"heapTotal":10362880,"heapUsed":8948824,"external":888504,"arrayBuffers":41754}],"level":"verbose"}
{"message":["Memory: ",{"rss":54386688,"heapTotal":10362880,"heapUsed":8963664,"external":888505,"arrayBuffers":41755}],"level":"verbose"}
{"message":["Memory: ",{"rss":54386688,"heapTotal":10362880,"heapUsed":8977952,"external":888506,"arrayBuffers":41756}],"level":"verbose"}
{"message":["Memory: ",{"rss":54386688,"heapTotal":10362880,"heapUsed":8992352,"external":888507,"arrayBuffers":41757}],"level":"verbose"}
{"message":["Memory: ",{"rss":54386688,"heapTotal":10362880,"heapUsed":9006656,"external":888508,"arrayBuffers":41758}],"level":"verbose"}
{"message":["Memory: ",{"rss":54386688,"heapTotal":10362880,"heapUsed":9021112,"external":888509,"arrayBuffers":41759}],"level":"verbose"}
{"message":["Memory: ",{"rss":54386688,"heapTotal":10362880,"heapUsed":9035416,"external":888510,"arrayBuffers":41760}],"level":"verbose"}
{"message":["Memory: ",{"rss":54386688,"heapTotal":10362880,"heapUsed":9050200,"external":888511,"arrayBuffers":41761}],"level":"verbose"}
{"message":["Memory: ",{"rss":54386688,"heapTotal":10362880,"heapUsed":9064488,"external":888512,"arrayBuffers":41762}],"level":"verbose"}
{"message":["Memory: ",{"rss":54386688,"heapTotal":10362880,"heapUsed":9078888,"external":888513,"arrayBuffers":41763}],"level":"verbose"}
{"message":["Memory: ",{"rss":54386688,"heapTotal":10362880,"heapUsed":9093192,"external":888514,"arrayBuffers":41764}],"level":"verbose"}
{"message":["Memory: ",{"rss":54386688,"heapTotal":10362880,"heapUsed":9107592,"external":888515,"arrayBuffers":41765}],"level":"verbose"}
{"message":["Memory: ",{"rss":54386688,"heapTotal":10362880,"heapUsed":9121896,"external":888516,"arrayBuffers":41766}],"level":"verbose"}
{"message":["Memory: ",{"rss":54386688,"heapTotal":10362880,"heapUsed":9136680,"external":888517,"arrayBuffers":41767}],"level":"verbose"}
{"message":["Memory: ",{"rss":54386688,"heapTotal":10362880,"heapUsed":9150968,"external":888518,"arrayBuffers":41768}],"level":"verbose"}
{"message":["Memory: ",{"rss":54386688,"heapTotal":10362880,"heapUsed":9165368,"external":888519,"arrayBuffers":41769}],"level":"verbose"}
{"message":["Memory: ",{"rss":54386688,"heapTotal":10362880,"heapUsed":9179672,"external":888520,"arrayBuffers":41770}],"level":"verbose"}
{"message":["Memory: ",{"rss":54386688,"heapTotal":10362880,"heapUsed":9194072,"external":888521,"arrayBuffers":41771}],"level":"verbose"}
{"message":["Memory: ",{"rss":54386688,"heapTotal":10362880,"heapUsed":9208376,"external":888522,"arrayBuffers":41772}],"level":"verbose"}
{"message":["Memory: ",{"rss":54386688,"heapTotal":10362880,"heapUsed":9223176,"external":888523,"arrayBuffers":41773}],"level":"verbose"}
{"message":["Memory: ",{"rss":54386688,"heapTotal":10362880,"heapUsed":9237536,"external":888524,"arrayBuffers":41774}],"level":"verbose"}
{"message":["Memory: ",{"rss":54386688,"heapTotal":10362880,"heapUsed":9251952,"external":888525,"arrayBuffers":41775}],"level":"verbose"}
{"message":["Memory: ",{"rss":54386688,"heapTotal":10362880,"heapUsed":9266256,"external":888526,"arrayBuffers":41776}],"level":"verbose"}
{"message":["Memory: ",{"rss":54386688,"heapTotal":10362880,"heapUsed":9280672,"external":888527,"arrayBuffers":41777}],"level":"verbose"}
{"message":["Memory: ",{"rss":54517760,"heapTotal":10362880,"heapUsed":9294976,"external":888528,"arrayBuffers":41778}],"level":"verbose"}
{"message":["Memory: ",{"rss":54648832,"heapTotal":10362880,"heapUsed":9309776,"external":888529,"arrayBuffers":41779}],"level":"verbose"}
{"message":["Memory: ",{"rss":54648832,"heapTotal":10362880,"heapUsed":9324080,"external":888530,"arrayBuffers":41780}],"level":"verbose"}
{"message":["Memory: ",{"rss":54910976,"heapTotal":10362880,"heapUsed":9338544,"external":888531,"arrayBuffers":41781}],"level":"verbose"}
{"message":["GC: ",{"name":"gc","entryType":"gc","startTime":700520.316892,"duration":1.3686489998362958,"detail":{"kind":1,"flags":0}}],"level":"verbose"}
{"message":["Memory: ",{"rss":54026240,"heapTotal":10362880,"heapUsed":8375768,"external":880272,"arrayBuffers":33522}],"level":"verbose"}
{"message":["Memory: ",{"rss":54161408,"heapTotal":10362880,"heapUsed":8391272,"external":888465,"arrayBuffers":41715}],"level":"verbose"}
{"message":["Memory: ",{"rss":54161408,"heapTotal":10362880,"heapUsed":8403240,"external":888466,"arrayBuffers":41716}],"level":"verbose"}
{"message":["Memory: ",{"rss":54161408,"heapTotal":10362880,"heapUsed":8415696,"external":888467,"arrayBuffers":41717}],"level":"verbose"}
{"message":["Memory: ",{"rss":54161408,"heapTotal":10362880,"heapUsed":8427664,"external":888468,"arrayBuffers":41718}],"level":"verbose"}
{"message":["Memory: ",{"rss":54161408,"heapTotal":10362880,"heapUsed":8439768,"external":888469,"arrayBuffers":41719}],"level":"verbose"}
{"message":["Memory: ",{"rss":54161408,"heapTotal":10362880,"heapUsed":8451736,"external":888470,"arrayBuffers":41720}],"level":"verbose"}
{"message":["Memory: ",{"rss":54161408,"heapTotal":10362880,"heapUsed":8463784,"external":888471,"arrayBuffers":41721}],"level":"verbose"}
{"message":["Memory: ",{"rss":54161408,"heapTotal":10362880,"heapUsed":8475808,"external":888472,"arrayBuffers":41722}],"level":"verbose"}
{"message":["Memory: ",{"rss":54161408,"heapTotal":10362880,"heapUsed":8488208,"external":888473,"arrayBuffers":41723}],"level":"verbose"}
{"message":["Memory: ",{"rss":54161408,"heapTotal":10362880,"heapUsed":8499856,"external":888474,"arrayBuffers":41724}],"level":"verbose"}
{"message":["Memory: ",{"rss":54423552,"heapTotal":10362880,"heapUsed":8512200,"external":888475,"arrayBuffers":41725}],"level":"verbose"}
{"message":["Memory: ",{"rss":54423552,"heapTotal":10362880,"heapUsed":8521680,"external":888476,"arrayBuffers":41726}],"level":"verbose"}
{"message":["Memory: ",{"rss":54423552,"heapTotal":10362880,"heapUsed":8531232,"external":888477,"arrayBuffers":41727}],"level":"verbose"}
{"message":["Memory: ",{"rss":54423552,"heapTotal":10362880,"heapUsed":8540768,"external":888478,"arrayBuffers":41728}],"level":"verbose"}
{"message":["Memory: ",{"rss":54423552,"heapTotal":10362880,"heapUsed":8550624,"external":888479,"arrayBuffers":41729}],"level":"verbose"}
{"message":["Memory: ",{"rss":54423552,"heapTotal":10362880,"heapUsed":8560088,"external":888480,"arrayBuffers":41730}],"level":"verbose"}
{"message":["Memory: ",{"rss":54423552,"heapTotal":10362880,"heapUsed":8569640,"external":888481,"arrayBuffers":41731}],"level":"verbose"}
{"message":["Memory: ",{"rss":54423552,"heapTotal":10362880,"heapUsed":8579192,"external":888482,"arrayBuffers":41732}],"level":"verbose"}
{"message":["Memory: ",{"rss":54423552,"heapTotal":10362880,"heapUsed":8588688,"external":888483,"arrayBuffers":41733}],"level":"verbose"}
{"message":["Memory: ",{"rss":54423552,"heapTotal":10362880,"heapUsed":8598224,"external":888484,"arrayBuffers":41734}],"level":"verbose"}
{"message":["Memory: ",{"rss":54554624,"heapTotal":10362880,"heapUsed":8608080,"external":888485,"arrayBuffers":41735}],"level":"verbose"}
{"message":["Memory: ",{"rss":54554624,"heapTotal":10362880,"heapUsed":8617600,"external":888486,"arrayBuffers":41736}],"level":"verbose"}
{"message":["Memory: ",{"rss":54554624,"heapTotal":10362880,"heapUsed":8627152,"external":888487,"arrayBuffers":41737}],"level":"verbose"}
{"message":["Memory: ",{"rss":54554624,"heapTotal":10362880,"heapUsed":8636688,"external":888488,"arrayBuffers":41738}],"level":"verbose"}
{"message":["Memory: ",{"rss":54554624,"heapTotal":10362880,"heapUsed":8646184,"external":888489,"arrayBuffers":41739}],"level":"verbose"}
{"message":["Memory: ",{"rss":54554624,"heapTotal":10362880,"heapUsed":8655664,"external":888490,"arrayBuffers":41740}],"level":"verbose"}
{"message":["Memory: ",{"rss":54554624,"heapTotal":10362880,"heapUsed":8665464,"external":888491,"arrayBuffers":41741}],"level":"verbose"}
{"message":["Memory: ",{"rss":54554624,"heapTotal":10362880,"heapUsed":8674928,"external":888492,"arrayBuffers":41742}],"level":"verbose"}
{"message":["Memory: ",{"rss":54554624,"heapTotal":10362880,"heapUsed":8684480,"external":888493,"arrayBuffers":41743}],"level":"verbose"}
{"message":["Memory: ",{"rss":54554624,"heapTotal":10362880,"heapUsed":8694016,"external":888494,"arrayBuffers":41744}],"level":"verbose"}
{"message":["Memory: ",{"rss":54554624,"heapTotal":10362880,"heapUsed":8703568,"external":888495,"arrayBuffers":41745}],"level":"verbose"}
{"message":["Memory: ",{"rss":54554624,"heapTotal":10362880,"heapUsed":8713048,"external":888496,"arrayBuffers":41746}],"level":"verbose"}
{"message":["Memory: ",{"rss":54554624,"heapTotal":10362880,"heapUsed":8722848,"external":888497,"arrayBuffers":41747}],"level":"verbose"}
{"message":["Memory: ",{"rss":54554624,"heapTotal":10362880,"heapUsed":8732368,"external":888498,"arrayBuffers":41748}],"level":"verbose"}
{"message":["Memory: ",{"rss":54554624,"heapTotal":10362880,"heapUsed":8741920,"external":888499,"arrayBuffers":41749}],"level":"verbose"}
{"message":["Memory: ",{"rss":54554624,"heapTotal":10362880,"heapUsed":8751400,"external":888500,"arrayBuffers":41750}],"level":"verbose"}
{"message":["Memory: ",{"rss":54554624,"heapTotal":10362880,"heapUsed":8760896,"external":888501,"arrayBuffers":41751}],"level":"verbose"}
{"message":["Memory: ",{"rss":54554624,"heapTotal":10362880,"heapUsed":8770376,"external":888502,"arrayBuffers":41752}],"level":"verbose"}
{"message":["Memory: ",{"rss":54685696,"heapTotal":10362880,"heapUsed":8780176,"external":888503,"arrayBuffers":41753}],"level":"verbose"}
{"message":["Memory: ",{"rss":54685696,"heapTotal":10362880,"heapUsed":8789640,"external":888504,"arrayBuffers":41754}],"level":"verbose"}
{"message":["Memory: ",{"rss":54685696,"heapTotal":10362880,"heapUsed":8799152,"external":888505,"arrayBuffers":41755}],"level":"verbose"}
{"message":["Memory: ",{"rss":54685696,"heapTotal":10362880,"heapUsed":8808632,"external":888506,"arrayBuffers":41756}],"level":"verbose"}
{"message":["Memory: ",{"rss":54685696,"heapTotal":10362880,"heapUsed":8818200,"external":888507,"arrayBuffers":41757}],"level":"verbose"}
{"message":["Memory: ",{"rss":54685696,"heapTotal":10362880,"heapUsed":8827680,"external":888508,"arrayBuffers":41758}],"level":"verbose"}
{"message":["Memory: ",{"rss":54685696,"heapTotal":10362880,"heapUsed":8837568,"external":888509,"arrayBuffers":41759}],"level":"verbose"}
{"message":["Memory: ",{"rss":54685696,"heapTotal":10362880,"heapUsed":8847048,"external":888510,"arrayBuffers":41760}],"level":"verbose"}
{"message":["Memory: ",{"rss":54685696,"heapTotal":10362880,"heapUsed":8856560,"external":888511,"arrayBuffers":41761}],"level":"verbose"}
{"message":["Memory: ",{"rss":54685696,"heapTotal":10362880,"heapUsed":8866096,"external":888512,"arrayBuffers":41762}],"level":"verbose"}
{"message":["Memory: ",{"rss":54685696,"heapTotal":10362880,"heapUsed":8875664,"external":888513,"arrayBuffers":41763}],"level":"verbose"}
{"message":["Memory: ",{"rss":54685696,"heapTotal":10362880,"heapUsed":8885144,"external":888514,"arrayBuffers":41764}],"level":"verbose"}
{"message":["Memory: ",{"rss":54685696,"heapTotal":10362880,"heapUsed":8895016,"external":888515,"arrayBuffers":41765}],"level":"verbose"}
{"message":["Memory: ",{"rss":54685696,"heapTotal":10362880,"heapUsed":8904496,"external":888516,"arrayBuffers":41766}],"level":"verbose"}
{"message":["Memory: ",{"rss":54685696,"heapTotal":10362880,"heapUsed":8914064,"external":888517,"arrayBuffers":41767}],"level":"verbose"}
{"message":["Memory: ",{"rss":54685696,"heapTotal":10362880,"heapUsed":8923544,"external":888518,"arrayBuffers":41768}],"level":"verbose"}
{"message":["Memory: ",{"rss":54685696,"heapTotal":10362880,"heapUsed":8933056,"external":888519,"arrayBuffers":41769}],"level":"verbose"}
{"message":["Memory: ",{"rss":54685696,"heapTotal":10362880,"heapUsed":8942592,"external":888520,"arrayBuffers":41770}],"level":"verbose"}
{"message":["Memory: ",{"rss":54685696,"heapTotal":10362880,"heapUsed":8952680,"external":896713,"arrayBuffers":49963}],"level":"verbose"}
{"message":["Memory: ",{"rss":54685696,"heapTotal":10362880,"heapUsed":8962160,"external":896714,"arrayBuffers":49964}],"level":"verbose"}
{"message":["Memory: ",{"rss":54685696,"heapTotal":10362880,"heapUsed":8971728,"external":896715,"arrayBuffers":49965}],"level":"verbose"}
{"message":["Memory: ",{"rss":54685696,"heapTotal":10362880,"heapUsed":8981208,"external":896716,"arrayBuffers":49966}],"level":"verbose"}
{"message":["Memory: ",{"rss":54685696,"heapTotal":10362880,"heapUsed":8990408,"external":896717,"arrayBuffers":49967}],"level":"verbose"}
{"message":["Memory: ",{"rss":54685696,"heapTotal":10362880,"heapUsed":9001344,"external":896719,"arrayBuffers":49969}],"level":"verbose"}
{"message":["Memory: ",{"rss":54685696,"heapTotal":10362880,"heapUsed":9011384,"external":896720,"arrayBuffers":49970}],"level":"verbose"}
{"message":["Memory: ",{"rss":54829056,"heapTotal":10362880,"heapUsed":9021144,"external":896721,"arrayBuffers":49971}],"level":"verbose"}
{"message":["Memory: ",{"rss":54829056,"heapTotal":10362880,"heapUsed":9029000,"external":896721,"arrayBuffers":49971}],"level":"verbose"}
{"message":["Memory: ",{"rss":54829056,"heapTotal":10362880,"heapUsed":9039376,"external":896723,"arrayBuffers":49973}],"level":"verbose"}
{"message":["Memory: ",{"rss":54829056,"heapTotal":10362880,"heapUsed":9047232,"external":896723,"arrayBuffers":49973}],"level":"verbose"}
{"message":["Memory: ",{"rss":54829056,"heapTotal":10362880,"heapUsed":9057664,"external":896725,"arrayBuffers":49975}],"level":"verbose"}
{"message":["Memory: ",{"rss":54829056,"heapTotal":10362880,"heapUsed":9067352,"external":896726,"arrayBuffers":49976}],"level":"verbose"}
{"message":["Memory: ",{"rss":54829056,"heapTotal":10362880,"heapUsed":9076168,"external":896727,"arrayBuffers":49977}],"level":"verbose"}
{"message":["Memory: ",{"rss":54829056,"heapTotal":10362880,"heapUsed":9085512,"external":896728,"arrayBuffers":49978}],"level":"verbose"}
{"message":["Memory: ",{"rss":54829056,"heapTotal":10362880,"heapUsed":9094424,"external":896729,"arrayBuffers":49979}],"level":"verbose"}
{"message":["Memory: ",{"rss":54960128,"heapTotal":10362880,"heapUsed":9103824,"external":896730,"arrayBuffers":49980}],"level":"verbose"}
{"message":["Memory: ",{"rss":55103488,"heapTotal":10362880,"heapUsed":9121320,"external":896731,"arrayBuffers":49981}],"level":"verbose"}
{"message":["Memory: ",{"rss":55103488,"heapTotal":10362880,"heapUsed":9130760,"external":896732,"arrayBuffers":49982}],"level":"verbose"}
{"message":["Memory: ",{"rss":55103488,"heapTotal":10362880,"heapUsed":9139504,"external":896733,"arrayBuffers":49983}],"level":"verbose"}
{"message":["Memory: ",{"rss":55103488,"heapTotal":10362880,"heapUsed":9148744,"external":896734,"arrayBuffers":49984}],"level":"verbose"}
{"message":["Memory: ",{"rss":55103488,"heapTotal":10362880,"heapUsed":9157488,"external":896735,"arrayBuffers":49985}],"level":"verbose"}
{"message":["Memory: ",{"rss":55103488,"heapTotal":10362880,"heapUsed":9166728,"external":896736,"arrayBuffers":49986}],"level":"verbose"}
{"message":["Memory: ",{"rss":55103488,"heapTotal":10362880,"heapUsed":9175528,"external":896737,"arrayBuffers":49987}],"level":"verbose"}
{"message":["Memory: ",{"rss":55103488,"heapTotal":10362880,"heapUsed":9185080,"external":896738,"arrayBuffers":49988}],"level":"verbose"}
{"message":["Memory: ",{"rss":55103488,"heapTotal":10362880,"heapUsed":9193880,"external":896739,"arrayBuffers":49989}],"level":"verbose"}
{"message":["Memory: ",{"rss":55103488,"heapTotal":10362880,"heapUsed":9203120,"external":896740,"arrayBuffers":49990}],"level":"verbose"}
{"message":["Memory: ",{"rss":55103488,"heapTotal":10362880,"heapUsed":9211864,"external":896741,"arrayBuffers":49991}],"level":"verbose"}
{"message":["Memory: ",{"rss":55234560,"heapTotal":10362880,"heapUsed":9221160,"external":896742,"arrayBuffers":49992}],"level":"verbose"}
{"message":["Memory: ",{"rss":55234560,"heapTotal":10362880,"heapUsed":9229960,"external":896743,"arrayBuffers":49993}],"level":"verbose"}
{"message":["Memory: ",{"rss":55234560,"heapTotal":10362880,"heapUsed":9239456,"external":896744,"arrayBuffers":49994}],"level":"verbose"}
{"message":["Memory: ",{"rss":55234560,"heapTotal":10362880,"heapUsed":9248200,"external":896745,"arrayBuffers":49995}],"level":"verbose"}
{"message":["Memory: ",{"rss":55234560,"heapTotal":10362880,"heapUsed":9257440,"external":896746,"arrayBuffers":49996}],"level":"verbose"}
{"message":["Memory: ",{"rss":55234560,"heapTotal":10362880,"heapUsed":9266128,"external":896747,"arrayBuffers":49997}],"level":"verbose"}
{"message":["Memory: ",{"rss":55234560,"heapTotal":10362880,"heapUsed":9275368,"external":896748,"arrayBuffers":49998}],"level":"verbose"}
{"message":["Memory: ",{"rss":55234560,"heapTotal":10362880,"heapUsed":9284128,"external":896749,"arrayBuffers":49999}],"level":"verbose"}
{"message":["Memory: ",{"rss":55234560,"heapTotal":10362880,"heapUsed":9293640,"external":896750,"arrayBuffers":50000}],"level":"verbose"}
{"message":["Memory: ",{"rss":55234560,"heapTotal":10362880,"heapUsed":9302456,"external":896751,"arrayBuffers":50001}],"level":"verbose"}
{"message":["Memory: ",{"rss":55234560,"heapTotal":10362880,"heapUsed":9311752,"external":896752,"arrayBuffers":50002}],"level":"verbose"}
{"message":["Memory: ",{"rss":55365632,"heapTotal":10362880,"heapUsed":9320512,"external":896753,"arrayBuffers":50003}],"level":"verbose"}
{"message":["Memory: ",{"rss":55365632,"heapTotal":10362880,"heapUsed":9329808,"external":896754,"arrayBuffers":50004}],"level":"verbose"}
{"message":["Memory: ",{"rss":55365632,"heapTotal":10362880,"heapUsed":9338624,"external":896755,"arrayBuffers":50005}],"level":"verbose"}
{"message":["Memory: ",{"rss":55365632,"heapTotal":10362880,"heapUsed":9348136,"external":896756,"arrayBuffers":50006}],"level":"verbose"}
{"message":["GC: ",{"name":"gc","entryType":"gc","startTime":1205577.365913,"duration":0.7581810001283884,"detail":{"kind":1,"flags":0}}],"level":"verbose"}
{"message":["Memory: ",{"rss":54394880,"heapTotal":10362880,"heapUsed":8373112,"external":896757,"arrayBuffers":33522}],"level":"verbose"}
{"message":["Memory: ",{"rss":54394880,"heapTotal":10362880,"heapUsed":8383040,"external":880273,"arrayBuffers":33523}],"level":"verbose"}
{"message":["Memory: ",{"rss":54394880,"heapTotal":10362880,"heapUsed":8391856,"external":880274,"arrayBuffers":33524}],"level":"verbose"}
{"message":["Memory: ",{"rss":54394880,"heapTotal":10362880,"heapUsed":8401152,"external":880275,"arrayBuffers":33525}],"level":"verbose"}
{"message":["Memory: ",{"rss":54394880,"heapTotal":10362880,"heapUsed":8409968,"external":880276,"arrayBuffers":33526}],"level":"verbose"}
{"message":["Memory: ",{"rss":54394880,"heapTotal":10362880,"heapUsed":8419536,"external":880277,"arrayBuffers":33527}],"level":"verbose"}
{"message":["Memory: ",{"rss":54394880,"heapTotal":10362880,"heapUsed":8428352,"external":880278,"arrayBuffers":33528}],"level":"verbose"}
{"message":["Memory: ",{"rss":54394880,"heapTotal":10362880,"heapUsed":8437648,"external":880279,"arrayBuffers":33529}],"level":"verbose"}
{"message":["Memory: ",{"rss":54394880,"heapTotal":10362880,"heapUsed":8446464,"external":880280,"arrayBuffers":33530}],"level":"verbose"}
{"message":["Memory: ",{"rss":54394880,"heapTotal":10362880,"heapUsed":8455704,"external":880281,"arrayBuffers":33531}],"level":"verbose"}
{"message":["Memory: ",{"rss":54394880,"heapTotal":10362880,"heapUsed":8464464,"external":880282,"arrayBuffers":33532}],"level":"verbose"}
{"message":["Memory: ",{"rss":54394880,"heapTotal":10362880,"heapUsed":8473920,"external":880283,"arrayBuffers":33533}],"level":"verbose"}
{"message":["Memory: ",{"rss":54525952,"heapTotal":10362880,"heapUsed":8482712,"external":888476,"arrayBuffers":41726}],"level":"verbose"}
{"message":["Memory: ",{"rss":54525952,"heapTotal":10362880,"heapUsed":8491992,"external":888477,"arrayBuffers":41727}],"level":"verbose"}
{"message":["Memory: ",{"rss":54525952,"heapTotal":10362880,"heapUsed":8500736,"external":888478,"arrayBuffers":41728}],"level":"verbose"}
{"message":["Memory: ",{"rss":54657024,"heapTotal":10362880,"heapUsed":8510032,"external":888479,"arrayBuffers":41729}],"level":"verbose"}
{"message":["Memory: ",{"rss":54657024,"heapTotal":10362880,"heapUsed":8518720,"external":888480,"arrayBuffers":41730}],"level":"verbose"}
{"message":["Memory: ",{"rss":54657024,"heapTotal":10362880,"heapUsed":8528272,"external":888481,"arrayBuffers":41731}],"level":"verbose"}
{"message":["Memory: ",{"rss":54657024,"heapTotal":10362880,"heapUsed":8537072,"external":888482,"arrayBuffers":41732}],"level":"verbose"}
{"message":["Memory: ",{"rss":54657024,"heapTotal":10362880,"heapUsed":8546312,"external":888483,"arrayBuffers":41733}],"level":"verbose"}
{"message":["Memory: ",{"rss":54657024,"heapTotal":10362880,"heapUsed":8555112,"external":888484,"arrayBuffers":41734}],"level":"verbose"}
{"message":["Memory: ",{"rss":54657024,"heapTotal":10362880,"heapUsed":8564352,"external":888485,"arrayBuffers":41735}],"level":"verbose"}
{"message":["Memory: ",{"rss":54657024,"heapTotal":10362880,"heapUsed":8573152,"external":888486,"arrayBuffers":41736}],"level":"verbose"}
{"message":["Memory: ",{"rss":54657024,"heapTotal":10362880,"heapUsed":8582648,"external":888487,"arrayBuffers":41737}],"level":"verbose"}
{"message":["Memory: ",{"rss":54657024,"heapTotal":10362880,"heapUsed":8591472,"external":888488,"arrayBuffers":41738}],"level":"verbose"}
{"message":["Memory: ",{"rss":54657024,"heapTotal":10362880,"heapUsed":8600768,"external":888489,"arrayBuffers":41739}],"level":"verbose"}
{"message":["Memory: ",{"rss":54657024,"heapTotal":10362880,"heapUsed":8609568,"external":888490,"arrayBuffers":41740}],"level":"verbose"}
{"message":["Memory: ",{"rss":54657024,"heapTotal":10362880,"heapUsed":8618864,"external":888491,"arrayBuffers":41741}],"level":"verbose"}
{"message":["Memory: ",{"rss":54657024,"heapTotal":10362880,"heapUsed":8627608,"external":888492,"arrayBuffers":41742}],"level":"verbose"}
{"message":["Memory: ",{"rss":54657024,"heapTotal":10362880,"heapUsed":8637104,"external":888493,"arrayBuffers":41743}],"level":"verbose"}
{"message":["Memory: ",{"rss":54657024,"heapTotal":10362880,"heapUsed":8645848,"external":888494,"arrayBuffers":41744}],"level":"verbose"}
{"message":["Memory: ",{"rss":54657024,"heapTotal":10362880,"heapUsed":8655144,"external":888495,"arrayBuffers":41745}],"level":"verbose"}
{"message":["Memory: ",{"rss":54657024,"heapTotal":10362880,"heapUsed":8663944,"external":888496,"arrayBuffers":41746}],"level":"verbose"}
{"message":["Memory: ",{"rss":54657024,"heapTotal":10362880,"heapUsed":8673240,"external":888497,"arrayBuffers":41747}],"level":"verbose"}
{"message":["Memory: ",{"rss":54657024,"heapTotal":10362880,"heapUsed":8682040,"external":888498,"arrayBuffers":41748}],"level":"verbose"}
{"message":["Memory: ",{"rss":54657024,"heapTotal":10362880,"heapUsed":8691536,"external":888499,"arrayBuffers":41749}],"level":"verbose"}
{"message":["Memory: ",{"rss":54657024,"heapTotal":10362880,"heapUsed":8700280,"external":888500,"arrayBuffers":41750}],"level":"verbose"}
{"message":["Memory: ",{"rss":54657024,"heapTotal":10362880,"heapUsed":8709520,"external":888501,"arrayBuffers":41751}],"level":"verbose"}
{"message":["Memory: ",{"rss":54657024,"heapTotal":10362880,"heapUsed":8718264,"external":888502,"arrayBuffers":41752}],"level":"verbose"}
{"message":["Memory: ",{"rss":54657024,"heapTotal":10362880,"heapUsed":8725960,"external":888502,"arrayBuffers":41752}],"level":"verbose"}
{"message":["Memory: ",{"rss":54657024,"heapTotal":10362880,"heapUsed":8736264,"external":888504,"arrayBuffers":41754}],"level":"verbose"}
{"message":["Memory: ",{"rss":54657024,"heapTotal":10362880,"heapUsed":8745720,"external":888505,"arrayBuffers":41755}],"level":"verbose"}
{"message":["Memory: ",{"rss":54657024,"heapTotal":10362880,"heapUsed":8754480,"external":888506,"arrayBuffers":41756}],"level":"verbose"}
{"message":["Memory: ",{"rss":54657024,"heapTotal":10362880,"heapUsed":8763720,"external":888507,"arrayBuffers":41757}],"level":"verbose"}
{"message":["Memory: ",{"rss":54657024,"heapTotal":10362880,"heapUsed":8772480,"external":888508,"arrayBuffers":41758}],"level":"verbose"}
{"message":["Memory: ",{"rss":54657024,"heapTotal":10362880,"heapUsed":8780176,"external":888508,"arrayBuffers":41758}],"level":"verbose"}
{"message":["Memory: ",{"rss":54657024,"heapTotal":10362880,"heapUsed":8790440,"external":888510,"arrayBuffers":41760}],"level":"verbose"}
{"message":["Memory: ",{"rss":54788096,"heapTotal":10362880,"heapUsed":8799952,"external":888511,"arrayBuffers":41761}],"level":"verbose"}
{"message":["Memory: ",{"rss":54788096,"heapTotal":10362880,"heapUsed":8808768,"external":888512,"arrayBuffers":41762}],"level":"verbose"}
{"message":["Memory: ",{"rss":54788096,"heapTotal":10362880,"heapUsed":8818064,"external":888513,"arrayBuffers":41763}],"level":"verbose"}
{"message":["Memory: ",{"rss":54788096,"heapTotal":10362880,"heapUsed":8826880,"external":888514,"arrayBuffers":41764}],"level":"verbose"}
{"message":["Memory: ",{"rss":54788096,"heapTotal":10362880,"heapUsed":8836176,"external":888515,"arrayBuffers":41765}],"level":"verbose"}
{"message":["Memory: ",{"rss":54788096,"heapTotal":10362880,"heapUsed":8845016,"external":888516,"arrayBuffers":41766}],"level":"verbose"}
{"message":["Memory: ",{"rss":54788096,"heapTotal":10362880,"heapUsed":8854528,"external":888517,"arrayBuffers":41767}],"level":"verbose"}
{"message":["Memory: ",{"rss":54788096,"heapTotal":10362880,"heapUsed":8863288,"external":888518,"arrayBuffers":41768}],"level":"verbose"}
{"message":["Memory: ",{"rss":54788096,"heapTotal":10362880,"heapUsed":8872584,"external":888519,"arrayBuffers":41769}],"level":"verbose"}
{"message":["Memory: ",{"rss":54788096,"heapTotal":10362880,"heapUsed":8881400,"external":888520,"arrayBuffers":41770}],"level":"verbose"}
{"message":["Memory: ",{"rss":54788096,"heapTotal":10362880,"heapUsed":8890640,"external":888521,"arrayBuffers":41771}],"level":"verbose"}
{"message":["Memory: ",{"rss":54788096,"heapTotal":10362880,"heapUsed":8899344,"external":888522,"arrayBuffers":41772}],"level":"verbose"}
{"message":["Memory: ",{"rss":54788096,"heapTotal":10362880,"heapUsed":8908800,"external":888523,"arrayBuffers":41773}],"level":"verbose"}
{"message":["Memory: ",{"rss":54788096,"heapTotal":10362880,"heapUsed":8917560,"external":888524,"arrayBuffers":41774}],"level":"verbose"}
{"message":["Memory: ",{"rss":54788096,"heapTotal":10362880,"heapUsed":8925256,"external":888524,"arrayBuffers":41774}],"level":"verbose"}
{"message":["Memory: ",{"rss":54788096,"heapTotal":10362880,"heapUsed":8935336,"external":888526,"arrayBuffers":41776}],"level":"verbose"}
{"message":["Memory: ",{"rss":54788096,"heapTotal":10362880,"heapUsed":8944560,"external":888527,"arrayBuffers":41777}],"level":"verbose"}
{"message":["Memory: ",{"rss":54788096,"heapTotal":10362880,"heapUsed":8953304,"external":888528,"arrayBuffers":41778}],"level":"verbose"}
{"message":["Memory: ",{"rss":54788096,"heapTotal":10362880,"heapUsed":8961272,"external":888528,"arrayBuffers":41778}],"level":"verbose"}
{"message":["Memory: ",{"rss":54788096,"heapTotal":10362880,"heapUsed":8971504,"external":888530,"arrayBuffers":41780}],"level":"verbose"}
{"message":["Memory: ",{"rss":54788096,"heapTotal":10362880,"heapUsed":8980728,"external":888531,"arrayBuffers":41781}],"level":"verbose"}
{"message":["Memory: ",{"rss":54788096,"heapTotal":10362880,"heapUsed":8989688,"external":896724,"arrayBuffers":49974}],"level":"verbose"}
{"message":["Memory: ",{"rss":54788096,"heapTotal":10362880,"heapUsed":8998912,"external":896725,"arrayBuffers":49975}],"level":"verbose"}
{"message":["Memory: ",{"rss":54788096,"heapTotal":10362880,"heapUsed":9006368,"external":896725,"arrayBuffers":49975}],"level":"verbose"}
{"message":["Memory: ",{"rss":54788096,"heapTotal":10362880,"heapUsed":9015640,"external":896726,"arrayBuffers":49976}],"level":"verbose"}
{"message":["Memory: ",{"rss":54788096,"heapTotal":10362880,"heapUsed":9025928,"external":896728,"arrayBuffers":49978}],"level":"verbose"}
{"message":["Memory: ",{"rss":54788096,"heapTotal":10362880,"heapUsed":9033624,"external":896728,"arrayBuffers":49978}],"level":"verbose"}
{"message":["Memory: ",{"rss":54919168,"heapTotal":10362880,"heapUsed":9043928,"external":896730,"arrayBuffers":49980}],"level":"verbose"}
{"message":["Memory: ",{"rss":54919168,"heapTotal":10362880,"heapUsed":9053168,"external":896731,"arrayBuffers":49981}],"level":"verbose"}
{"message":["Memory: ",{"rss":54919168,"heapTotal":10362880,"heapUsed":9061912,"external":896732,"arrayBuffers":49982}],"level":"verbose"}
{"message":["Memory: ",{"rss":54919168,"heapTotal":10362880,"heapUsed":9071352,"external":896733,"arrayBuffers":49983}],"level":"verbose"}
{"message":["Memory: ",{"rss":54919168,"heapTotal":10362880,"heapUsed":9080040,"external":896734,"arrayBuffers":49984}],"level":"verbose"}
{"message":["Memory: ",{"rss":54919168,"heapTotal":10362880,"heapUsed":9089224,"external":896735,"arrayBuffers":49985}],"level":"verbose"}
{"message":["Memory: ",{"rss":54919168,"heapTotal":10362880,"heapUsed":9097968,"external":896736,"arrayBuffers":49986}],"level":"verbose"}
{"message":["Memory: ",{"rss":54919168,"heapTotal":10362880,"heapUsed":9105728,"external":896736,"arrayBuffers":49986}],"level":"verbose"}
{"message":["Memory: ",{"rss":54919168,"heapTotal":10362880,"heapUsed":9116016,"external":896738,"arrayBuffers":49988}],"level":"verbose"}
{"message":["Memory: ",{"rss":54919168,"heapTotal":10362880,"heapUsed":9125512,"external":896739,"arrayBuffers":49989}],"level":"verbose"}
{"message":["Memory: ",{"rss":54919168,"heapTotal":10362880,"heapUsed":9134256,"external":896740,"arrayBuffers":49990}],"level":"verbose"}
{"message":["Memory: ",{"rss":54919168,"heapTotal":10362880,"heapUsed":9143440,"external":896741,"arrayBuffers":49991}],"level":"verbose"}
{"message":["Memory: ",{"rss":54919168,"heapTotal":10362880,"heapUsed":9152184,"external":896742,"arrayBuffers":49992}],"level":"verbose"}
{"message":["Memory: ",{"rss":54919168,"heapTotal":10362880,"heapUsed":9161480,"external":896743,"arrayBuffers":49993}],"level":"verbose"}
{"message":["Memory: ",{"rss":55050240,"heapTotal":10362880,"heapUsed":9170224,"external":896744,"arrayBuffers":49994}],"level":"verbose"}
{"message":["Memory: ",{"rss":55050240,"heapTotal":10362880,"heapUsed":9179720,"external":896745,"arrayBuffers":49995}],"level":"verbose"}
{"message":["Memory: ",{"rss":55050240,"heapTotal":10362880,"heapUsed":9188464,"external":896746,"arrayBuffers":49996}],"level":"verbose"}
{"message":["Memory: ",{"rss":55050240,"heapTotal":10362880,"heapUsed":9197704,"external":896747,"arrayBuffers":49997}],"level":"verbose"}
{"message":["Memory: ",{"rss":55050240,"heapTotal":10362880,"heapUsed":9206408,"external":896748,"arrayBuffers":49998}],"level":"verbose"}
{"message":["Memory: ",{"rss":55050240,"heapTotal":10362880,"heapUsed":9215648,"external":896749,"arrayBuffers":49999}],"level":"verbose"}
{"message":["Memory: ",{"rss":55050240,"heapTotal":10362880,"heapUsed":9224408,"external":896750,"arrayBuffers":50000}],"level":"verbose"}
{"message":["Memory: ",{"rss":55181312,"heapTotal":10362880,"heapUsed":9233920,"external":896751,"arrayBuffers":50001}],"level":"verbose"}
{"message":["Memory: ",{"rss":55181312,"heapTotal":10362880,"heapUsed":9242680,"external":896752,"arrayBuffers":50002}],"level":"verbose"}
{"message":["Memory: ",{"rss":55443456,"heapTotal":10362880,"heapUsed":9251976,"external":896753,"arrayBuffers":50003}],"level":"verbose"}
{"message":["Memory: ",{"rss":55443456,"heapTotal":10362880,"heapUsed":9260792,"external":896754,"arrayBuffers":50004}],"level":"verbose"}
{"message":["Memory: ",{"rss":55443456,"heapTotal":10362880,"heapUsed":9270088,"external":896755,"arrayBuffers":50005}],"level":"verbose"}
{"message":["Memory: ",{"rss":55443456,"heapTotal":10362880,"heapUsed":9278904,"external":896756,"arrayBuffers":50006}],"level":"verbose"}
{"message":["Memory: ",{"rss":55443456,"heapTotal":10362880,"heapUsed":9288472,"external":896757,"arrayBuffers":50007}],"level":"verbose"}
{"message":["Memory: ",{"rss":55443456,"heapTotal":10362880,"heapUsed":9297232,"external":896758,"arrayBuffers":50008}],"level":"verbose"}
{"message":["Memory: ",{"rss":55443456,"heapTotal":10362880,"heapUsed":9306472,"external":896759,"arrayBuffers":50009}],"level":"verbose"}
{"message":["Memory: ",{"rss":55443456,"heapTotal":10362880,"heapUsed":9315232,"external":896760,"arrayBuffers":50010}],"level":"verbose"}
{"message":["Memory: ",{"rss":55443456,"heapTotal":10362880,"heapUsed":9324472,"external":896761,"arrayBuffers":50011}],"level":"verbose"}
{"message":["Memory: ",{"rss":55443456,"heapTotal":10362880,"heapUsed":9333232,"external":896762,"arrayBuffers":50012}],"level":"verbose"}
{"message":["Memory: ",{"rss":55443456,"heapTotal":10362880,"heapUsed":9341200,"external":896762,"arrayBuffers":50012}],"level":"verbose"}
{"message":["Memory: ",{"rss":55443456,"heapTotal":10362880,"heapUsed":9350216,"external":896763,"arrayBuffers":50013}],"level":"verbose"}
{"message":["GC: ",{"name":"gc","entryType":"gc","startTime":1748595.39846,"duration":0.7704970007762313,"detail":{"kind":1,"flags":0}}],"level":"verbose"}
{"message":["Memory: ",{"rss":54505472,"heapTotal":10362880,"heapUsed":8386272,"external":880272,"arrayBuffers":33522}],"level":"verbose"}
{"message":["Memory: ",{"rss":54505472,"heapTotal":10362880,"heapUsed":8395032,"external":880273,"arrayBuffers":33523}],"level":"verbose"}
{"message":["Memory: ",{"rss":54505472,"heapTotal":10362880,"heapUsed":8404216,"external":880274,"arrayBuffers":33524}],"level":"verbose"}
{"message":["Memory: ",{"rss":54505472,"heapTotal":10362880,"heapUsed":8412736,"external":880275,"arrayBuffers":33525}],"level":"verbose"}
{"message":["Memory: ",{"rss":54505472,"heapTotal":10362880,"heapUsed":8422248,"external":880276,"arrayBuffers":33526}],"level":"verbose"}
{"message":["Memory: ",{"rss":54505472,"heapTotal":10362880,"heapUsed":8430936,"external":880277,"arrayBuffers":33527}],"level":"verbose"}
{"message":["Memory: ",{"rss":54505472,"heapTotal":10362880,"heapUsed":8440120,"external":880278,"arrayBuffers":33528}],"level":"verbose"}
{"message":["Memory: ",{"rss":54505472,"heapTotal":10362880,"heapUsed":8448864,"external":880279,"arrayBuffers":33529}],"level":"verbose"}
{"message":["Memory: ",{"rss":54505472,"heapTotal":10362880,"heapUsed":8456560,"external":880279,"arrayBuffers":33529}],"level":"verbose"}
{"message":["Memory: ",{"rss":54505472,"heapTotal":10362880,"heapUsed":8466864,"external":880281,"arrayBuffers":33531}],"level":"verbose"}
{"message":["Memory: ",{"rss":54505472,"heapTotal":10362880,"heapUsed":8476360,"external":880282,"arrayBuffers":33532}],"level":"verbose"}
{"message":["Memory: ",{"rss":54505472,"heapTotal":10362880,"heapUsed":8485104,"external":880283,"arrayBuffers":33533}],"level":"verbose"}
{"message":["Memory: ",{"rss":54505472,"heapTotal":10362880,"heapUsed":8494344,"external":880284,"arrayBuffers":33534}],"level":"verbose"}
{"message":["Memory: ",{"rss":54505472,"heapTotal":10362880,"heapUsed":8503088,"external":880285,"arrayBuffers":33535}],"level":"verbose"}
{"message":["Memory: ",{"rss":54636544,"heapTotal":10362880,"heapUsed":8512544,"external":888478,"arrayBuffers":41728}],"level":"verbose"}
{"message":["Memory: ",{"rss":54636544,"heapTotal":10362880,"heapUsed":8521288,"external":888479,"arrayBuffers":41729}],"level":"verbose"}
{"message":["Memory: ",{"rss":54636544,"heapTotal":10362880,"heapUsed":8530728,"external":888480,"arrayBuffers":41730}],"level":"verbose"}
{"message":["Memory: ",{"rss":54636544,"heapTotal":10362880,"heapUsed":8539416,"external":888481,"arrayBuffers":41731}],"level":"verbose"}
{"message":["Memory: ",{"rss":54636544,"heapTotal":10362880,"heapUsed":8548656,"external":888482,"arrayBuffers":41732}],"level":"verbose"}
{"message":["Memory: ",{"rss":54636544,"heapTotal":10362880,"heapUsed":8557400,"external":888483,"arrayBuffers":41733}],"level":"verbose"}
{"message":["Memory: ",{"rss":54636544,"heapTotal":10362880,"heapUsed":8566640,"external":888484,"arrayBuffers":41734}],"level":"verbose"}
{"message":["Memory: ",{"rss":54636544,"heapTotal":10362880,"heapUsed":8575384,"external":888485,"arrayBuffers":41735}],"level":"verbose"}
{"message":["Memory: ",{"rss":54636544,"heapTotal":10362880,"heapUsed":8584824,"external":888486,"arrayBuffers":41736}],"level":"verbose"}
{"message":["Memory: ",{"rss":54636544,"heapTotal":10362880,"heapUsed":8593568,"external":888487,"arrayBuffers":41737}],"level":"verbose"}
{"message":["Memory: ",{"rss":54636544,"heapTotal":10362880,"heapUsed":8602592,"external":888488,"arrayBuffers":41738}],"level":"verbose"}
{"message":["Memory: ",{"rss":54636544,"heapTotal":10362880,"heapUsed":8611336,"external":888489,"arrayBuffers":41739}],"level":"verbose"}
{"message":["Memory: ",{"rss":54636544,"heapTotal":10362880,"heapUsed":8620400,"external":888490,"arrayBuffers":41740}],"level":"verbose"}
{"message":["Memory: ",{"rss":54636544,"heapTotal":10362880,"heapUsed":8629200,"external":888491,"arrayBuffers":41741}],"level":"verbose"}
{"message":["Memory: ",{"rss":54636544,"heapTotal":10362880,"heapUsed":8638416,"external":888492,"arrayBuffers":41742}],"level":"verbose"}
{"message":["Memory: ",{"rss":54636544,"heapTotal":10362880,"heapUsed":8647160,"external":888493,"arrayBuffers":41743}],"level":"verbose"}
{"message":["Memory: ",{"rss":54636544,"heapTotal":10362880,"heapUsed":8656168,"external":888494,"arrayBuffers":41744}],"level":"verbose"}
{"message":["Memory: ",{"rss":54636544,"heapTotal":10362880,"heapUsed":8664856,"external":888495,"arrayBuffers":41745}],"level":"verbose"}
{"message":["Memory: ",{"rss":54636544,"heapTotal":10362880,"heapUsed":8673864,"external":888496,"arrayBuffers":41746}],"level":"verbose"}
{"message":["Memory: ",{"rss":54636544,"heapTotal":10362880,"heapUsed":8682624,"external":888497,"arrayBuffers":41747}],"level":"verbose"}
{"message":["Memory: ",{"rss":54636544,"heapTotal":10362880,"heapUsed":8692136,"external":888498,"arrayBuffers":41748}],"level":"verbose"}
{"message":["Memory: ",{"rss":54767616,"heapTotal":10362880,"heapUsed":8700896,"external":888499,"arrayBuffers":41749}],"level":"verbose"}
{"message":["Memory: ",{"rss":54767616,"heapTotal":10362880,"heapUsed":8710120,"external":888500,"arrayBuffers":41750}],"level":"verbose"}
{"message":["Memory: ",{"rss":54767616,"heapTotal":10362880,"heapUsed":8718936,"external":888501,"arrayBuffers":41751}],"level":"verbose"}
{"message":["Memory: ",{"rss":54767616,"heapTotal":10362880,"heapUsed":8728160,"external":888502,"arrayBuffers":41752}],"level":"verbose"}
{"message":["Memory: ",{"rss":54767616,"heapTotal":10362880,"heapUsed":8736976,"external":888503,"arrayBuffers":41753}],"level":"verbose"}
{"message":["Memory: ",{"rss":54767616,"heapTotal":10362880,"heapUsed":8746488,"external":888504,"arrayBuffers":41754}],"level":"verbose"}
{"message":["Memory: ",{"rss":54767616,"heapTotal":10362880,"heapUsed":8755248,"external":888505,"arrayBuffers":41755}],"level":"verbose"}
{"message":["Memory: ",{"rss":54767616,"heapTotal":10362880,"heapUsed":8762720,"external":888505,"arrayBuffers":41755}],"level":"verbose"}
{"message":["Memory: ",{"rss":54767616,"heapTotal":10362880,"heapUsed":8773040,"external":888507,"arrayBuffers":41757}],"level":"verbose"}
{"message":["Memory: ",{"rss":54767616,"heapTotal":10362880,"heapUsed":8782104,"external":888508,"arrayBuffers":41758}],"level":"verbose"}
{"message":["Memory: ",{"rss":54767616,"heapTotal":10362880,"heapUsed":8790864,"external":888509,"arrayBuffers":41759}],"level":"verbose"}
{"message":["Memory: ",{"rss":54767616,"heapTotal":10362880,"heapUsed":8800376,"external":888510,"arrayBuffers":41760}],"level":"verbose"}
{"message":["Memory: ",{"rss":54767616,"heapTotal":10362880,"heapUsed":8809136,"external":888511,"arrayBuffers":41761}],"level":"verbose"}
{"message":["Memory: ",{"rss":54767616,"heapTotal":10362880,"heapUsed":8816552,"external":888511,"arrayBuffers":41761}],"level":"verbose"}
{"message":["Memory: ",{"rss":54767616,"heapTotal":10362880,"heapUsed":8826816,"external":888513,"arrayBuffers":41763}],"level":"verbose"}
{"message":["Memory: ",{"rss":54767616,"heapTotal":10362880,"heapUsed":8834288,"external":888513,"arrayBuffers":41763}],"level":"verbose"}
{"message":["Memory: ",{"rss":54767616,"heapTotal":10362880,"heapUsed":8843304,"external":888514,"arrayBuffers":41764}],"level":"verbose"}
{"message":["Memory: ",{"rss":54767616,"heapTotal":10362880,"heapUsed":8852376,"external":888515,"arrayBuffers":41765}],"level":"verbose"}
{"message":["Memory: ",{"rss":54767616,"heapTotal":10362880,"heapUsed":8861392,"external":888516,"arrayBuffers":41766}],"level":"verbose"}
{"message":["Memory: ",{"rss":54898688,"heapTotal":10362880,"heapUsed":8871480,"external":888518,"arrayBuffers":41768}],"level":"verbose"}
{"message":["Memory: ",{"rss":54898688,"heapTotal":10362880,"heapUsed":8880224,"external":888519,"arrayBuffers":41769}],"level":"verbose"}
{"message":["Memory: ",{"rss":54898688,"heapTotal":10362880,"heapUsed":8889232,"external":888520,"arrayBuffers":41770}],"level":"verbose"}
{"message":["Memory: ",{"rss":54898688,"heapTotal":10362880,"heapUsed":8897920,"external":888521,"arrayBuffers":41771}],"level":"verbose"}
{"message":["Memory: ",{"rss":54898688,"heapTotal":10362880,"heapUsed":8907192,"external":888522,"arrayBuffers":41772}],"level":"verbose"}
{"message":["Memory: ",{"rss":54898688,"heapTotal":10362880,"heapUsed":8915936,"external":888523,"arrayBuffers":41773}],"level":"verbose"}
{"message":["Memory: ",{"rss":54898688,"heapTotal":10362880,"heapUsed":8925000,"external":888524,"arrayBuffers":41774}],"level":"verbose"}
{"message":["Memory: ",{"rss":54898688,"heapTotal":10362880,"heapUsed":8933800,"external":888525,"arrayBuffers":41775}],"level":"verbose"}
{"message":["Memory: ",{"rss":55029760,"heapTotal":10362880,"heapUsed":8942856,"external":888526,"arrayBuffers":41776}],"level":"verbose"}
{"message":["Memory: ",{"rss":55029760,"heapTotal":10362880,"heapUsed":8951656,"external":888527,"arrayBuffers":41777}],"level":"verbose"}
{"message":["Memory: ",{"rss":55029760,"heapTotal":10362880,"heapUsed":8960984,"external":888528,"arrayBuffers":41778}],"level":"verbose"}
{"message":["Memory: ",{"rss":55029760,"heapTotal":10362880,"heapUsed":8969784,"external":888529,"arrayBuffers":41779}],"level":"verbose"}
{"message":["Memory: ",{"rss":55029760,"heapTotal":10362880,"heapUsed":8978904,"external":888530,"arrayBuffers":41780}],"level":"verbose"}
{"message":["Memory: ",{"rss":55029760,"heapTotal":10362880,"heapUsed":8987704,"external":888531,"arrayBuffers":41781}],"level":"verbose"}
{"message":["Memory: ",{"rss":55029760,"heapTotal":10362880,"heapUsed":8996824,"external":888532,"arrayBuffers":41782}],"level":"verbose"}
{"message":["Memory: ",{"rss":55029760,"heapTotal":10362880,"heapUsed":9005624,"external":888533,"arrayBuffers":41783}],"level":"verbose"}
{"message":["Memory: ",{"rss":55029760,"heapTotal":10362880,"heapUsed":9015168,"external":896726,"arrayBuffers":49976}],"level":"verbose"}
{"message":["Memory: ",{"rss":55029760,"heapTotal":10362880,"heapUsed":9023968,"external":896727,"arrayBuffers":49977}],"level":"verbose"}
{"message":["Memory: ",{"rss":55029760,"heapTotal":10362880,"heapUsed":9033088,"external":896728,"arrayBuffers":49978}],"level":"verbose"}
{"message":["Memory: ",{"rss":55029760,"heapTotal":10362880,"heapUsed":9041888,"external":896729,"arrayBuffers":49979}],"level":"verbose"}
{"message":["Memory: ",{"rss":55029760,"heapTotal":10362880,"heapUsed":9051008,"external":896730,"arrayBuffers":49980}],"level":"verbose"}
{"message":["Memory: ",{"rss":55160832,"heapTotal":10362880,"heapUsed":9059808,"external":896731,"arrayBuffers":49981}],"level":"verbose"}
{"message":["Memory: ",{"rss":55160832,"heapTotal":10362880,"heapUsed":9069080,"external":896732,"arrayBuffers":49982}],"level":"verbose"}
{"message":["Memory: ",{"rss":55160832,"heapTotal":10362880,"heapUsed":9077880,"external":896733,"arrayBuffers":49983}],"level":"verbose"}
{"message":["Memory: ",{"rss":55160832,"heapTotal":10362880,"heapUsed":9087000,"external":896734,"arrayBuffers":49984}],"level":"verbose"}
{"message":["Memory: ",{"rss":55160832,"heapTotal":10362880,"heapUsed":9095744,"external":896735,"arrayBuffers":49985}],"level":"verbose"}
{"message":["Memory: ",{"rss":55160832,"heapTotal":10362880,"heapUsed":9104808,"external":896736,"arrayBuffers":49986}],"level":"verbose"}
{"message":["Memory: ",{"rss":55160832,"heapTotal":10362880,"heapUsed":9113632,"external":896737,"arrayBuffers":49987}],"level":"verbose"}
{"message":["Memory: ",{"rss":55160832,"heapTotal":10362880,"heapUsed":9122960,"external":896738,"arrayBuffers":49988}],"level":"verbose"}
{"message":["Memory: ",{"rss":55160832,"heapTotal":10362880,"heapUsed":9131776,"external":896739,"arrayBuffers":49989}],"level":"verbose"}
{"message":["Memory: ",{"rss":55160832,"heapTotal":10362880,"heapUsed":9140840,"external":896740,"arrayBuffers":49990}],"level":"verbose"}
{"message":["Memory: ",{"rss":55160832,"heapTotal":10362880,"heapUsed":9149656,"external":896741,"arrayBuffers":49991}],"level":"verbose"}
{"message":["Memory: ",{"rss":55160832,"heapTotal":10362880,"heapUsed":9158776,"external":896742,"arrayBuffers":49992}],"level":"verbose"}
{"message":["Memory: ",{"rss":55160832,"heapTotal":10362880,"heapUsed":9167536,"external":896743,"arrayBuffers":49993}],"level":"verbose"}
{"message":["Memory: ",{"rss":55160832,"heapTotal":10362880,"heapUsed":9176872,"external":896744,"arrayBuffers":49994}],"level":"verbose"}
{"message":["Memory: ",{"rss":55160832,"heapTotal":10362880,"heapUsed":9185688,"external":896745,"arrayBuffers":49995}],"level":"verbose"}
{"message":["Memory: ",{"rss":55160832,"heapTotal":10362880,"heapUsed":9194744,"external":896746,"arrayBuffers":49996}],"level":"verbose"}
{"message":["Memory: ",{"rss":55160832,"heapTotal":10362880,"heapUsed":9203504,"external":896747,"arrayBuffers":49997}],"level":"verbose"}
{"message":["Memory: ",{"rss":55160832,"heapTotal":10362880,"heapUsed":9212504,"external":896748,"arrayBuffers":49998}],"level":"verbose"}
{"message":["Memory: ",{"rss":55291904,"heapTotal":10362880,"heapUsed":9221264,"external":896749,"arrayBuffers":49999}],"level":"verbose"}
{"message":["Memory: ",{"rss":55291904,"heapTotal":10362880,"heapUsed":9230536,"external":896750,"arrayBuffers":50000}],"level":"verbose"}
{"message":["Memory: ",{"rss":55291904,"heapTotal":10362880,"heapUsed":9239352,"external":896751,"arrayBuffers":50001}],"level":"verbose"}
{"message":["Memory: ",{"rss":55291904,"heapTotal":10362880,"heapUsed":9248472,"external":896752,"arrayBuffers":50002}],"level":"verbose"}
{"message":["Memory: ",{"rss":55291904,"heapTotal":10362880,"heapUsed":9257288,"external":896753,"arrayBuffers":50003}],"level":"verbose"}
{"message":["Memory: ",{"rss":55291904,"heapTotal":10362880,"heapUsed":9266408,"external":896754,"arrayBuffers":50004}],"level":"verbose"}
{"message":["Memory: ",{"rss":55291904,"heapTotal":10362880,"heapUsed":9275224,"external":896755,"arrayBuffers":50005}],"level":"verbose"}
{"message":["Memory: ",{"rss":55291904,"heapTotal":10362880,"heapUsed":9284616,"external":896756,"arrayBuffers":50006}],"level":"verbose"}
{"message":["Memory: ",{"rss":55291904,"heapTotal":10362880,"heapUsed":9293432,"external":896757,"arrayBuffers":50007}],"level":"verbose"}
{"message":["Memory: ",{"rss":55291904,"heapTotal":10362880,"heapUsed":9302488,"external":896758,"arrayBuffers":50008}],"level":"verbose"}
{"message":["Memory: ",{"rss":55291904,"heapTotal":10362880,"heapUsed":9311248,"external":896759,"arrayBuffers":50009}],"level":"verbose"}
{"message":["Memory: ",{"rss":55291904,"heapTotal":10362880,"heapUsed":9320288,"external":896760,"arrayBuffers":50010}],"level":"verbose"}
{"message":["Memory: ",{"rss":55291904,"heapTotal":10362880,"heapUsed":9329104,"external":896761,"arrayBuffers":50011}],"level":"verbose"}
{"message":["Memory: ",{"rss":55422976,"heapTotal":10362880,"heapUsed":9342128,"external":896762,"arrayBuffers":50012}],"level":"verbose"}
{"message":["Memory: ",{"rss":55422976,"heapTotal":10362880,"heapUsed":9350928,"external":896763,"arrayBuffers":50013}],"level":"verbose"}
